[2025-11-18 15:20:10] Failed to scrape in.krosbits.musicolet: <urlopen error [Errno -3] Temporary failure in name resolution>
[2025-11-18 15:35:29] Search failed for 'social media': <urlopen error [Errno -3] Temporary failure in name resolution>
[2025-11-18 15:35:29] Search failed for 'messaging': <urlopen error [Errno -3] Temporary failure in name resolution>
[2025-11-18 15:35:29] Search failed for 'puzzle games': <urlopen error [Errno -3] Temporary failure in name resolution>
[2025-11-18 15:35:29] Search failed for 'action games': <urlopen error [Errno -3] Temporary failure in name resolution>
[2025-11-18 15:35:29] Search failed for 'productivity': <urlopen error [Errno -3] Temporary failure in name resolution>
[2025-11-18 15:35:29] Search failed for 'business': <urlopen error [Errno -3] Temporary failure in name resolution>
[2025-11-18 15:35:29] Search failed for 'education': <urlopen error [Errno -3] Temporary failure in name resolution>
[2025-11-18 15:35:29] Search failed for 'learning': <urlopen error [Errno -3] Temporary failure in name resolution>
[2025-11-18 15:35:29] Search failed for 'fitness': <urlopen error [Errno -3] Temporary failure in name resolution>
[2025-11-18 15:35:29] Search failed for 'health': <urlopen error [Errno -3] Temporary failure in name resolution>
[2025-11-18 15:35:29] Search failed for 'music': <urlopen error [Errno -3] Temporary failure in name resolution>
[2025-11-18 15:35:29] Search failed for 'video streaming': <urlopen error [Errno -3] Temporary failure in name resolution>
[2025-11-18 15:35:29] Search failed for 'photo editor': <urlopen error [Errno -3] Temporary failure in name resolution>
[2025-11-18 15:35:29] Search failed for 'camera': <urlopen error [Errno -3] Temporary failure in name resolution>
[2025-11-18 15:35:29] Search failed for 'shopping': <urlopen error [Errno -3] Temporary failure in name resolution>
[2025-11-18 15:35:29] Search failed for 'food delivery': <urlopen error [Errno -3] Temporary failure in name resolution>
[2025-11-18 15:35:29] Search failed for 'travel': <urlopen error [Errno -3] Temporary failure in name resolution>
[2025-11-18 15:35:29] Search failed for 'navigation': <urlopen error [Errno -3] Temporary failure in name resolution>
[2025-11-18 15:35:29] Search failed for 'news': <urlopen error [Errno -3] Temporary failure in name resolution>
[2025-11-18 15:35:29] Search failed for 'weather': <urlopen error [Errno -3] Temporary failure in name resolution>
[2025-11-18 15:35:29] Search failed for 'finance': <urlopen error [Errno -3] Temporary failure in name resolution>
[2025-11-18 15:35:29] Search failed for 'banking': <urlopen error [Errno -3] Temporary failure in name resolution>
[2025-11-18 15:35:29] Search failed for 'books': <urlopen error [Errno -3] Temporary failure in name resolution>
[2025-11-18 15:35:29] Search failed for 'comics': <urlopen error [Errno -3] Temporary failure in name resolution>
